<?xml version="1.0" encoding="UTF-8"?>
<!-- Generated by org.testng.reporters.JUnitReportReporter -->
<testsuite skipped="0" hostname="QAP22-PC" name="com.sample.Dataprovider" tests="4" failures="0" timestamp="22 Jun 2018 08:39:24 GMT" time="0.015" errors="0">
  <testcase name="setData" time="0.000" classname="com.sample.Dataprovider"/>
  <testcase name="setData" time="0.000" classname="com.sample.Dataprovider"/>
  <testcase name="setData" time="0.000" classname="com.sample.Dataprovider"/>
  <testcase name="setData" time="0.015" classname="com.sample.Dataprovider"/>
</testsuite> <!-- com.sample.Dataprovider -->
